<?xml version="1.0" encoding="UTF-8"?>
<testng-results total="2" passed="2" failed="0" skipped="0">
  <reporter-output>
  </reporter-output>
  <suite started-at="2019-07-10T22:31:31Z" name="Default suite" finished-at="2019-07-10T22:33:45Z" duration-ms="133793">
    <groups>
      <group name="cucumber">
        <method signature="MainRunner.feature(cucumber.api.testng.CucumberFeatureWrapper)[pri:0, instance:testRunner.MainRunner@4e268090]" name="feature" class="testRunner.MainRunner"/>
      </group> <!-- cucumber -->
    </groups>
    <test started-at="2019-07-10T22:31:31Z" name="Default test" finished-at="2019-07-10T22:33:45Z" duration-ms="133793">
      <class name="testRunner.MainRunner">
        <test-method is-config="true" signature="setUpClass()[pri:0, instance:testRunner.MainRunner@4e268090]" started-at="2019-07-10T23:31:31Z" name="setUpClass" finished-at="2019-07-10T23:31:31Z" duration-ms="750" status="PASS">
          <reporter-output>
          </reporter-output>
        </test-method> <!-- setUpClass -->
        <test-method signature="feature(cucumber.api.testng.CucumberFeatureWrapper)[pri:0, instance:testRunner.MainRunner@4e268090]" started-at="2019-07-10T23:31:32Z" name="feature" description="Runs Cucumber Feature" data-provider="features" finished-at="2019-07-10T23:33:10Z" duration-ms="98146" status="PASS">
          <params>
            <param index="0">
              <value>
                <![CDATA[Customers]]>
              </value>
            </param>
          </params>
          <reporter-output>
          </reporter-output>
        </test-method> <!-- feature -->
        <test-method signature="feature(cucumber.api.testng.CucumberFeatureWrapper)[pri:0, instance:testRunner.MainRunner@4e268090]" started-at="2019-07-10T23:33:10Z" name="feature" description="Runs Cucumber Feature" data-provider="features" finished-at="2019-07-10T23:33:44Z" duration-ms="34584" status="PASS">
          <params>
            <param index="0">
              <value>
                <![CDATA[Login Functionality]]>
              </value>
            </param>
          </params>
          <reporter-output>
          </reporter-output>
        </test-method> <!-- feature -->
        <test-method is-config="true" signature="tearDownClass()[pri:0, instance:testRunner.MainRunner@4e268090]" started-at="2019-07-10T23:33:44Z" name="tearDownClass" finished-at="2019-07-10T23:33:45Z" duration-ms="63" status="PASS">
          <reporter-output>
          </reporter-output>
        </test-method> <!-- tearDownClass -->
      </class> <!-- testRunner.MainRunner -->
    </test> <!-- Default test -->
  </suite> <!-- Default suite -->
</testng-results>
